<?xml version="1.0" encoding="UTF-8"?>
<!-- Generated by org.testng.reporters.JUnitXMLReporter -->
<testsuite hostname="ALMTraining" name="Default test" tests="12" failures="0" timestamp="23 Aug 2016 00:39:27 GMT" time="34.547" errors="0">
  <testcase name="parallelMethod" time="9.307" classname="com.corndog.LeanFtTest"/>
  <testcase name="testMethodsFive" time="7.401" classname="com.corndog.LeanFtTest"/>
  <testcase name="testMethodsFour" time="6.804" classname="com.corndog.LeanFtTest"/>
  <testcase name="testMethodsOne" time="0.903" classname="com.corndog.LeanFtTest"/>
  <testcase name="testMethodsThree" time="7.405" classname="com.corndog.LeanFtTest"/>
  <testcase name="testMethodsTwo" time="2.502" classname="com.corndog.LeanFtTest"/>
  <testcase name="test_02" time="0.0" classname="com.corndog.Automation_02">
    <skipped/>
  </testcase> <!-- test_02 -->
  <testcase name="test_01" time="0.0" classname="com.corndog.Automation_01">
    <skipped/>
  </testcase> <!-- test_01 -->
  <testcase name="testMethodOne" time="0.001" classname="com.corndog.ParallelClassesTestTwo"/>
  <testcase name="testMethodTwo" time="0.0" classname="com.corndog.ParallelClassesTestTwo"/>
  <testcase name="testMethodOne" time="0.001" classname="com.corndog.ParallelClassesTestOne"/>
  <testcase name="testMethodTwo" time="0.001" classname="com.corndog.ParallelClassesTestOne"/>
</testsuite> <!-- Default test -->
