<?xml version="1.0" encoding="UTF-8"?>
<testng-results skipped="2" failed="0" total="12" passed="10">
  <reporter-output>
  </reporter-output>
  <suite name="Default suite" duration-ms="34547" started-at="2016-08-23T00:38:52Z" finished-at="2016-08-23T00:39:27Z">
    <groups>
    </groups>
    <test name="Default test" duration-ms="34547" started-at="2016-08-23T00:38:52Z" finished-at="2016-08-23T00:39:27Z">
      <class name="com.corndog.ParallelClassesTestOne">
        <test-method status="PASS" signature="baseBeforeClass(org.testng.ITestContext)[pri:0, instance:com.corndog.ParallelClassesTestOne@77caeb3e]" name="baseBeforeClass" is-config="true" duration-ms="17" started-at="2016-08-22T19:39:27Z" finished-at="2016-08-22T19:39:27Z">
          <params>
            <param index="0">
              <value>
                <![CDATA[org.testng.TestRunner@1ba9117e]]>
              </value>
            </param>
          </params>
          <reporter-output>
          </reporter-output>
        </test-method> <!-- baseBeforeClass -->
        <test-method status="PASS" signature="testMethodOne()[pri:0, instance:com.corndog.ParallelClassesTestOne@77caeb3e]" name="testMethodOne" duration-ms="1" started-at="2016-08-22T19:39:27Z" finished-at="2016-08-22T19:39:27Z">
          <reporter-output>
          </reporter-output>
        </test-method> <!-- testMethodOne -->
        <test-method status="PASS" signature="beforeClass()[pri:0, instance:com.corndog.ParallelClassesTestOne@77caeb3e]" name="beforeClass" is-config="true" duration-ms="0" started-at="2016-08-22T19:39:27Z" finished-at="2016-08-22T19:39:27Z">
          <reporter-output>
          </reporter-output>
        </test-method> <!-- beforeClass -->
        <test-method status="PASS" signature="baseBeforeMethod([Ljava.lang.Object;, org.testng.ITestContext, java.lang.reflect.Method)[pri:0, instance:com.corndog.ParallelClassesTestOne@77caeb3e]" name="baseBeforeMethod" is-config="true" duration-ms="0" started-at="2016-08-22T19:39:27Z" finished-at="2016-08-22T19:39:27Z">
          <params>
            <param index="0">
              <value>
                <![CDATA[[Ljava.lang.Object;@6d3a388c]]>
              </value>
            </param>
            <param index="1">
              <value>
                <![CDATA[org.testng.TestRunner@1ba9117e]]>
              </value>
            </param>
            <param index="2">
              <value>
                <![CDATA[public void com.corndog.ParallelClassesTestOne.testMethodOne()]]>
              </value>
            </param>
          </params>
          <reporter-output>
          </reporter-output>
        </test-method> <!-- baseBeforeMethod -->
        <test-method status="PASS" signature="baseAfterMethod(org.testng.ITestResult)[pri:0, instance:com.corndog.ParallelClassesTestOne@77caeb3e]" name="baseAfterMethod" is-config="true" duration-ms="1" started-at="2016-08-22T19:39:27Z" finished-at="2016-08-22T19:39:27Z">
          <params>
            <param index="0">
              <value>
                <![CDATA[[TestResult name=testMethodOne status=SUCCESS method=ParallelClassesTestOne.testMethodOne()[pri:0, instance:com.corndog.ParallelClassesTestOne@77caeb3e] output={null}]]]>
              </value>
            </param>
          </params>
          <reporter-output>
          </reporter-output>
        </test-method> <!-- baseAfterMethod -->
        <test-method status="PASS" signature="testMethodTwo()[pri:0, instance:com.corndog.ParallelClassesTestOne@77caeb3e]" name="testMethodTwo" duration-ms="1" started-at="2016-08-22T19:39:27Z" finished-at="2016-08-22T19:39:27Z">
          <reporter-output>
          </reporter-output>
        </test-method> <!-- testMethodTwo -->
        <test-method status="PASS" signature="baseBeforeMethod([Ljava.lang.Object;, org.testng.ITestContext, java.lang.reflect.Method)[pri:0, instance:com.corndog.ParallelClassesTestOne@77caeb3e]" name="baseBeforeMethod" is-config="true" duration-ms="0" started-at="2016-08-22T19:39:27Z" finished-at="2016-08-22T19:39:27Z">
          <params>
            <param index="0">
              <value>
                <![CDATA[[Ljava.lang.Object;@193f604a]]>
              </value>
            </param>
            <param index="1">
              <value>
                <![CDATA[org.testng.TestRunner@1ba9117e]]>
              </value>
            </param>
            <param index="2">
              <value>
                <![CDATA[public void com.corndog.ParallelClassesTestOne.testMethodTwo()]]>
              </value>
            </param>
          </params>
          <reporter-output>
          </reporter-output>
        </test-method> <!-- baseBeforeMethod -->
        <test-method status="PASS" signature="baseAfterMethod(org.testng.ITestResult)[pri:0, instance:com.corndog.ParallelClassesTestOne@77caeb3e]" name="baseAfterMethod" is-config="true" duration-ms="1" started-at="2016-08-22T19:39:27Z" finished-at="2016-08-22T19:39:27Z">
          <params>
            <param index="0">
              <value>
                <![CDATA[[TestResult name=testMethodTwo status=SUCCESS method=ParallelClassesTestOne.testMethodTwo()[pri:0, instance:com.corndog.ParallelClassesTestOne@77caeb3e] output={null}]]]>
              </value>
            </param>
          </params>
          <reporter-output>
          </reporter-output>
        </test-method> <!-- baseAfterMethod -->
        <test-method status="PASS" signature="baseAfterClass(org.testng.ITestContext)[pri:0, instance:com.corndog.ParallelClassesTestOne@77caeb3e]" name="baseAfterClass" is-config="true" duration-ms="0" started-at="2016-08-22T19:39:27Z" finished-at="2016-08-22T19:39:27Z">
          <params>
            <param index="0">
              <value>
                <![CDATA[org.testng.TestRunner@1ba9117e]]>
              </value>
            </param>
          </params>
          <reporter-output>
          </reporter-output>
        </test-method> <!-- baseAfterClass -->
        <test-method status="PASS" signature="afterClass()[pri:0, instance:com.corndog.ParallelClassesTestOne@77caeb3e]" name="afterClass" is-config="true" duration-ms="0" started-at="2016-08-22T19:39:27Z" finished-at="2016-08-22T19:39:27Z">
          <reporter-output>
          </reporter-output>
        </test-method> <!-- afterClass -->
      </class> <!-- com.corndog.ParallelClassesTestOne -->
      <class name="com.corndog.LeanFtTest">
        <test-method status="PASS" signature="baseBeforeSuite()[pri:0, instance:com.corndog.LeanFtTest@6f7fd0e6]" name="baseBeforeSuite" is-config="true" duration-ms="585" started-at="2016-08-22T19:38:51Z" finished-at="2016-08-22T19:38:52Z">
          <reporter-output>
          </reporter-output>
        </test-method> <!-- baseBeforeSuite -->
        <test-method status="PASS" signature="baseBeforeClass(org.testng.ITestContext)[pri:0, instance:com.corndog.LeanFtTest@6f7fd0e6]" name="baseBeforeClass" is-config="true" duration-ms="69" started-at="2016-08-22T19:38:52Z" finished-at="2016-08-22T19:38:52Z">
          <params>
            <param index="0">
              <value>
                <![CDATA[org.testng.TestRunner@1ba9117e]]>
              </value>
            </param>
          </params>
          <reporter-output>
          </reporter-output>
        </test-method> <!-- baseBeforeClass -->
        <test-method status="PASS" signature="beforeClass()[pri:0, instance:com.corndog.LeanFtTest@6f7fd0e6]" name="beforeClass" is-config="true" duration-ms="0" started-at="2016-08-22T19:38:52Z" finished-at="2016-08-22T19:38:52Z">
          <reporter-output>
          </reporter-output>
        </test-method> <!-- beforeClass -->
        <test-method status="PASS" signature="baseBeforeMethod([Ljava.lang.Object;, org.testng.ITestContext, java.lang.reflect.Method)[pri:0, instance:com.corndog.LeanFtTest@6f7fd0e6]" name="baseBeforeMethod" is-config="true" duration-ms="1" started-at="2016-08-22T19:38:52Z" finished-at="2016-08-22T19:38:52Z">
          <params>
            <param index="0">
              <value>
                <![CDATA[[Ljava.lang.Object;@20f5239f]]>
              </value>
            </param>
            <param index="1">
              <value>
                <![CDATA[org.testng.TestRunner@1ba9117e]]>
              </value>
            </param>
            <param index="2">
              <value>
                <![CDATA[public void com.corndog.LeanFtTest.parallelMethod() throws com.hp.lft.sdk.GeneralLeanFtException,com.hp.lft.report.ReportException,java.lang.InterruptedException]]>
              </value>
            </param>
          </params>
          <reporter-output>
          </reporter-output>
        </test-method> <!-- baseBeforeMethod -->
        <test-method status="PASS" signature="beforeMethod()[pri:0, instance:com.corndog.LeanFtTest@6f7fd0e6]" name="beforeMethod" is-config="true" duration-ms="0" started-at="2016-08-22T19:38:52Z" finished-at="2016-08-22T19:38:52Z">
          <reporter-output>
          </reporter-output>
        </test-method> <!-- beforeMethod -->
        <test-method status="PASS" signature="parallelMethod()[pri:0, instance:com.corndog.LeanFtTest@6f7fd0e6]" name="parallelMethod" duration-ms="9307" started-at="2016-08-22T19:38:52Z" finished-at="2016-08-22T19:39:01Z">
          <reporter-output>
          </reporter-output>
        </test-method> <!-- parallelMethod -->
        <test-method status="PASS" signature="afterMethod()[pri:0, instance:com.corndog.LeanFtTest@6f7fd0e6]" name="afterMethod" is-config="true" duration-ms="1" started-at="2016-08-22T19:39:01Z" finished-at="2016-08-22T19:39:01Z">
          <reporter-output>
          </reporter-output>
        </test-method> <!-- afterMethod -->
        <test-method status="PASS" signature="baseAfterMethod(org.testng.ITestResult)[pri:0, instance:com.corndog.LeanFtTest@6f7fd0e6]" name="baseAfterMethod" is-config="true" duration-ms="0" started-at="2016-08-22T19:39:01Z" finished-at="2016-08-22T19:39:01Z">
          <params>
            <param index="0">
              <value>
                <![CDATA[[TestResult name=parallelMethod status=SUCCESS method=LeanFtTest.parallelMethod()[pri:0, instance:com.corndog.LeanFtTest@6f7fd0e6] output={null}]]]>
              </value>
            </param>
          </params>
          <reporter-output>
          </reporter-output>
        </test-method> <!-- baseAfterMethod -->
        <test-method status="PASS" signature="baseBeforeMethod([Ljava.lang.Object;, org.testng.ITestContext, java.lang.reflect.Method)[pri:0, instance:com.corndog.LeanFtTest@6f7fd0e6]" name="baseBeforeMethod" is-config="true" duration-ms="0" started-at="2016-08-22T19:39:01Z" finished-at="2016-08-22T19:39:01Z">
          <params>
            <param index="0">
              <value>
                <![CDATA[[Ljava.lang.Object;@57af006c]]>
              </value>
            </param>
            <param index="1">
              <value>
                <![CDATA[org.testng.TestRunner@1ba9117e]]>
              </value>
            </param>
            <param index="2">
              <value>
                <![CDATA[public void com.corndog.LeanFtTest.testMethodsFive() throws com.hp.lft.report.ReportException,java.lang.InterruptedException]]>
              </value>
            </param>
          </params>
          <reporter-output>
          </reporter-output>
        </test-method> <!-- baseBeforeMethod -->
        <test-method status="PASS" signature="beforeMethod()[pri:0, instance:com.corndog.LeanFtTest@6f7fd0e6]" name="beforeMethod" is-config="true" duration-ms="0" started-at="2016-08-22T19:39:01Z" finished-at="2016-08-22T19:39:01Z">
          <reporter-output>
          </reporter-output>
        </test-method> <!-- beforeMethod -->
        <test-method status="PASS" signature="testMethodsFive()[pri:0, instance:com.corndog.LeanFtTest@6f7fd0e6]" name="testMethodsFive" duration-ms="7401" started-at="2016-08-22T19:39:01Z" finished-at="2016-08-22T19:39:09Z">
          <reporter-output>
          </reporter-output>
        </test-method> <!-- testMethodsFive -->
        <test-method status="PASS" signature="baseBeforeMethod([Ljava.lang.Object;, org.testng.ITestContext, java.lang.reflect.Method)[pri:0, instance:com.corndog.LeanFtTest@6f7fd0e6]" name="baseBeforeMethod" is-config="true" duration-ms="1" started-at="2016-08-22T19:39:09Z" finished-at="2016-08-22T19:39:09Z">
          <params>
            <param index="0">
              <value>
                <![CDATA[[Ljava.lang.Object;@6bedbc4d]]>
              </value>
            </param>
            <param index="1">
              <value>
                <![CDATA[org.testng.TestRunner@1ba9117e]]>
              </value>
            </param>
            <param index="2">
              <value>
                <![CDATA[public void com.corndog.LeanFtTest.testMethodsFour() throws com.hp.lft.report.ReportException,java.lang.InterruptedException]]>
              </value>
            </param>
          </params>
          <reporter-output>
          </reporter-output>
        </test-method> <!-- baseBeforeMethod -->
        <test-method status="PASS" signature="afterMethod()[pri:0, instance:com.corndog.LeanFtTest@6f7fd0e6]" name="afterMethod" is-config="true" duration-ms="0" started-at="2016-08-22T19:39:09Z" finished-at="2016-08-22T19:39:09Z">
          <reporter-output>
          </reporter-output>
        </test-method> <!-- afterMethod -->
        <test-method status="PASS" signature="baseAfterMethod(org.testng.ITestResult)[pri:0, instance:com.corndog.LeanFtTest@6f7fd0e6]" name="baseAfterMethod" is-config="true" duration-ms="0" started-at="2016-08-22T19:39:09Z" finished-at="2016-08-22T19:39:09Z">
          <params>
            <param index="0">
              <value>
                <![CDATA[[TestResult name=testMethodsFive status=SUCCESS method=LeanFtTest.testMethodsFive()[pri:0, instance:com.corndog.LeanFtTest@6f7fd0e6] output={null}]]]>
              </value>
            </param>
          </params>
          <reporter-output>
          </reporter-output>
        </test-method> <!-- baseAfterMethod -->
        <test-method status="PASS" signature="testMethodsFour()[pri:0, instance:com.corndog.LeanFtTest@6f7fd0e6]" name="testMethodsFour" duration-ms="6804" started-at="2016-08-22T19:39:09Z" finished-at="2016-08-22T19:39:16Z">
          <reporter-output>
          </reporter-output>
        </test-method> <!-- testMethodsFour -->
        <test-method status="PASS" signature="beforeMethod()[pri:0, instance:com.corndog.LeanFtTest@6f7fd0e6]" name="beforeMethod" is-config="true" duration-ms="0" started-at="2016-08-22T19:39:09Z" finished-at="2016-08-22T19:39:09Z">
          <reporter-output>
          </reporter-output>
        </test-method> <!-- beforeMethod -->
        <test-method status="PASS" signature="afterMethod()[pri:0, instance:com.corndog.LeanFtTest@6f7fd0e6]" name="afterMethod" is-config="true" duration-ms="0" started-at="2016-08-22T19:39:16Z" finished-at="2016-08-22T19:39:16Z">
          <reporter-output>
          </reporter-output>
        </test-method> <!-- afterMethod -->
        <test-method status="PASS" signature="baseAfterMethod(org.testng.ITestResult)[pri:0, instance:com.corndog.LeanFtTest@6f7fd0e6]" name="baseAfterMethod" is-config="true" duration-ms="0" started-at="2016-08-22T19:39:16Z" finished-at="2016-08-22T19:39:16Z">
          <params>
            <param index="0">
              <value>
                <![CDATA[[TestResult name=testMethodsFour status=SUCCESS method=LeanFtTest.testMethodsFour()[pri:0, instance:com.corndog.LeanFtTest@6f7fd0e6] output={null}]]]>
              </value>
            </param>
          </params>
          <reporter-output>
          </reporter-output>
        </test-method> <!-- baseAfterMethod -->
        <test-method status="PASS" signature="baseBeforeMethod([Ljava.lang.Object;, org.testng.ITestContext, java.lang.reflect.Method)[pri:0, instance:com.corndog.LeanFtTest@6f7fd0e6]" name="baseBeforeMethod" is-config="true" duration-ms="1" started-at="2016-08-22T19:39:16Z" finished-at="2016-08-22T19:39:16Z">
          <params>
            <param index="0">
              <value>
                <![CDATA[[Ljava.lang.Object;@932bc4a]]>
              </value>
            </param>
            <param index="1">
              <value>
                <![CDATA[org.testng.TestRunner@1ba9117e]]>
              </value>
            </param>
            <param index="2">
              <value>
                <![CDATA[public void com.corndog.LeanFtTest.testMethodsOne() throws com.hp.lft.report.ReportException,java.lang.InterruptedException]]>
              </value>
            </param>
          </params>
          <reporter-output>
          </reporter-output>
        </test-method> <!-- baseBeforeMethod -->
        <test-method status="PASS" signature="beforeMethod()[pri:0, instance:com.corndog.LeanFtTest@6f7fd0e6]" name="beforeMethod" is-config="true" duration-ms="0" started-at="2016-08-22T19:39:16Z" finished-at="2016-08-22T19:39:16Z">
          <reporter-output>
          </reporter-output>
        </test-method> <!-- beforeMethod -->
        <test-method status="PASS" signature="testMethodsOne()[pri:0, instance:com.corndog.LeanFtTest@6f7fd0e6]" name="testMethodsOne" duration-ms="903" started-at="2016-08-22T19:39:16Z" finished-at="2016-08-22T19:39:17Z">
          <reporter-output>
          </reporter-output>
        </test-method> <!-- testMethodsOne -->
        <test-method status="PASS" signature="baseBeforeMethod([Ljava.lang.Object;, org.testng.ITestContext, java.lang.reflect.Method)[pri:0, instance:com.corndog.LeanFtTest@6f7fd0e6]" name="baseBeforeMethod" is-config="true" duration-ms="0" started-at="2016-08-22T19:39:17Z" finished-at="2016-08-22T19:39:17Z">
          <params>
            <param index="0">
              <value>
                <![CDATA[[Ljava.lang.Object;@d29f28]]>
              </value>
            </param>
            <param index="1">
              <value>
                <![CDATA[org.testng.TestRunner@1ba9117e]]>
              </value>
            </param>
            <param index="2">
              <value>
                <![CDATA[public void com.corndog.LeanFtTest.testMethodsThree() throws com.hp.lft.report.ReportException,java.lang.InterruptedException]]>
              </value>
            </param>
          </params>
          <reporter-output>
          </reporter-output>
        </test-method> <!-- baseBeforeMethod -->
        <test-method status="PASS" signature="baseAfterMethod(org.testng.ITestResult)[pri:0, instance:com.corndog.LeanFtTest@6f7fd0e6]" name="baseAfterMethod" is-config="true" duration-ms="0" started-at="2016-08-22T19:39:17Z" finished-at="2016-08-22T19:39:17Z">
          <params>
            <param index="0">
              <value>
                <![CDATA[[TestResult name=testMethodsOne status=SUCCESS method=LeanFtTest.testMethodsOne()[pri:0, instance:com.corndog.LeanFtTest@6f7fd0e6] output={null}]]]>
              </value>
            </param>
          </params>
          <reporter-output>
          </reporter-output>
        </test-method> <!-- baseAfterMethod -->
        <test-method status="PASS" signature="afterMethod()[pri:0, instance:com.corndog.LeanFtTest@6f7fd0e6]" name="afterMethod" is-config="true" duration-ms="0" started-at="2016-08-22T19:39:17Z" finished-at="2016-08-22T19:39:17Z">
          <reporter-output>
          </reporter-output>
        </test-method> <!-- afterMethod -->
        <test-method status="PASS" signature="beforeMethod()[pri:0, instance:com.corndog.LeanFtTest@6f7fd0e6]" name="beforeMethod" is-config="true" duration-ms="1" started-at="2016-08-22T19:39:17Z" finished-at="2016-08-22T19:39:17Z">
          <reporter-output>
          </reporter-output>
        </test-method> <!-- beforeMethod -->
        <test-method status="PASS" signature="testMethodsThree()[pri:0, instance:com.corndog.LeanFtTest@6f7fd0e6]" name="testMethodsThree" duration-ms="7405" started-at="2016-08-22T19:39:17Z" finished-at="2016-08-22T19:39:24Z">
          <reporter-output>
          </reporter-output>
        </test-method> <!-- testMethodsThree -->
        <test-method status="PASS" signature="afterMethod()[pri:0, instance:com.corndog.LeanFtTest@6f7fd0e6]" name="afterMethod" is-config="true" duration-ms="2" started-at="2016-08-22T19:39:24Z" finished-at="2016-08-22T19:39:24Z">
          <reporter-output>
          </reporter-output>
        </test-method> <!-- afterMethod -->
        <test-method status="PASS" signature="baseBeforeMethod([Ljava.lang.Object;, org.testng.ITestContext, java.lang.reflect.Method)[pri:0, instance:com.corndog.LeanFtTest@6f7fd0e6]" name="baseBeforeMethod" is-config="true" duration-ms="1" started-at="2016-08-22T19:39:24Z" finished-at="2016-08-22T19:39:24Z">
          <params>
            <param index="0">
              <value>
                <![CDATA[[Ljava.lang.Object;@2fd1433e]]>
              </value>
            </param>
            <param index="1">
              <value>
                <![CDATA[org.testng.TestRunner@1ba9117e]]>
              </value>
            </param>
            <param index="2">
              <value>
                <![CDATA[public void com.corndog.LeanFtTest.testMethodsTwo() throws com.hp.lft.report.ReportException,java.lang.InterruptedException]]>
              </value>
            </param>
          </params>
          <reporter-output>
          </reporter-output>
        </test-method> <!-- baseBeforeMethod -->
        <test-method status="PASS" signature="baseAfterMethod(org.testng.ITestResult)[pri:0, instance:com.corndog.LeanFtTest@6f7fd0e6]" name="baseAfterMethod" is-config="true" duration-ms="0" started-at="2016-08-22T19:39:24Z" finished-at="2016-08-22T19:39:24Z">
          <params>
            <param index="0">
              <value>
                <![CDATA[[TestResult name=testMethodsThree status=SUCCESS method=LeanFtTest.testMethodsThree()[pri:0, instance:com.corndog.LeanFtTest@6f7fd0e6] output={null}]]]>
              </value>
            </param>
          </params>
          <reporter-output>
          </reporter-output>
        </test-method> <!-- baseAfterMethod -->
        <test-method status="PASS" signature="testMethodsTwo()[pri:0, instance:com.corndog.LeanFtTest@6f7fd0e6]" name="testMethodsTwo" duration-ms="2502" started-at="2016-08-22T19:39:24Z" finished-at="2016-08-22T19:39:27Z">
          <reporter-output>
          </reporter-output>
        </test-method> <!-- testMethodsTwo -->
        <test-method status="PASS" signature="beforeMethod()[pri:0, instance:com.corndog.LeanFtTest@6f7fd0e6]" name="beforeMethod" is-config="true" duration-ms="0" started-at="2016-08-22T19:39:24Z" finished-at="2016-08-22T19:39:24Z">
          <reporter-output>
          </reporter-output>
        </test-method> <!-- beforeMethod -->
        <test-method status="PASS" signature="afterMethod()[pri:0, instance:com.corndog.LeanFtTest@6f7fd0e6]" name="afterMethod" is-config="true" duration-ms="0" started-at="2016-08-22T19:39:27Z" finished-at="2016-08-22T19:39:27Z">
          <reporter-output>
          </reporter-output>
        </test-method> <!-- afterMethod -->
        <test-method status="PASS" signature="afterClass()[pri:0, instance:com.corndog.LeanFtTest@6f7fd0e6]" name="afterClass" is-config="true" duration-ms="0" started-at="2016-08-22T19:39:27Z" finished-at="2016-08-22T19:39:27Z">
          <reporter-output>
          </reporter-output>
        </test-method> <!-- afterClass -->
        <test-method status="PASS" signature="baseAfterMethod(org.testng.ITestResult)[pri:0, instance:com.corndog.LeanFtTest@6f7fd0e6]" name="baseAfterMethod" is-config="true" duration-ms="0" started-at="2016-08-22T19:39:27Z" finished-at="2016-08-22T19:39:27Z">
          <params>
            <param index="0">
              <value>
                <![CDATA[[TestResult name=testMethodsTwo status=SUCCESS method=LeanFtTest.testMethodsTwo()[pri:0, instance:com.corndog.LeanFtTest@6f7fd0e6] output={null}]]]>
              </value>
            </param>
          </params>
          <reporter-output>
          </reporter-output>
        </test-method> <!-- baseAfterMethod -->
        <test-method status="PASS" signature="baseAfterClass(org.testng.ITestContext)[pri:0, instance:com.corndog.LeanFtTest@6f7fd0e6]" name="baseAfterClass" is-config="true" duration-ms="0" started-at="2016-08-22T19:39:27Z" finished-at="2016-08-22T19:39:27Z">
          <params>
            <param index="0">
              <value>
                <![CDATA[org.testng.TestRunner@1ba9117e]]>
              </value>
            </param>
          </params>
          <reporter-output>
          </reporter-output>
        </test-method> <!-- baseAfterClass -->
        <test-method status="PASS" signature="baseAfterSuite()[pri:0, instance:com.corndog.LeanFtTest@6f7fd0e6]" name="baseAfterSuite" is-config="true" duration-ms="1286" started-at="2016-08-22T19:39:27Z" finished-at="2016-08-22T19:39:28Z">
          <reporter-output>
          </reporter-output>
        </test-method> <!-- baseAfterSuite -->
      </class> <!-- com.corndog.LeanFtTest -->
      <class name="com.corndog.Automation_01">
        <test-method status="PASS" signature="baseBeforeClass(org.testng.ITestContext)[pri:0, instance:com.corndog.Automation_01@3e6fa38a]" name="baseBeforeClass" is-config="true" duration-ms="19" started-at="2016-08-22T19:39:27Z" finished-at="2016-08-22T19:39:27Z">
          <params>
            <param index="0">
              <value>
                <![CDATA[org.testng.TestRunner@1ba9117e]]>
              </value>
            </param>
          </params>
          <reporter-output>
          </reporter-output>
        </test-method> <!-- baseBeforeClass -->
        <test-method status="PASS" signature="beforeClass()[pri:0, instance:com.corndog.Automation_01@3e6fa38a]" name="beforeClass" is-config="true" duration-ms="0" started-at="2016-08-22T19:39:27Z" finished-at="2016-08-22T19:39:27Z">
          <reporter-output>
          </reporter-output>
        </test-method> <!-- beforeClass -->
        <test-method status="SKIP" signature="test_01(java.lang.String, java.lang.String, java.lang.String, java.lang.String)[pri:0, instance:com.corndog.Automation_01@3e6fa38a]" name="test_01" duration-ms="0" started-at="2016-08-22T19:39:27Z" finished-at="2016-08-22T19:39:27Z">
          <exception class="org.testng.TestNGException">
            <message>
              <![CDATA[
Parameter 'Operating_System' is required by @Test on method test_01 but has not been marked @Optional or defined
in C:\Users\Administrator\AppData\Local\Temp\testng-eclipse-99998048\testng-customsuite.xml]]>
            </message>
            <full-stacktrace>
              <![CDATA[org.testng.TestNGException: 
Parameter 'Operating_System' is required by @Test on method test_01 but has not been marked @Optional or defined
in C:\Users\Administrator\AppData\Local\Temp\testng-eclipse-99998048\testng-customsuite.xml
	at org.testng.internal.Parameters.createParameters(Parameters.java:156)
	at org.testng.internal.Parameters.createParameters(Parameters.java:363)
	at org.testng.internal.Parameters.handleParameters(Parameters.java:488)
	at org.testng.internal.Invoker.handleParameters(Invoker.java:1240)
	at org.testng.internal.Invoker.createParameters(Invoker.java:980)
	at org.testng.internal.Invoker.invokeTestMethods(Invoker.java:1070)
	at org.testng.internal.TestMethodWorker.invokeTestMethods(TestMethodWorker.java:129)
	at org.testng.internal.TestMethodWorker.run(TestMethodWorker.java:112)
	at org.testng.TestRunner.privateRun(TestRunner.java:746)
	at org.testng.TestRunner.run(TestRunner.java:600)
	at org.testng.SuiteRunner.runTest(SuiteRunner.java:366)
	at org.testng.SuiteRunner.runSequentially(SuiteRunner.java:361)
	at org.testng.SuiteRunner.privateRun(SuiteRunner.java:319)
	at org.testng.SuiteRunner.run(SuiteRunner.java:268)
	at org.testng.SuiteRunnerWorker.runSuite(SuiteRunnerWorker.java:52)
	at org.testng.SuiteRunnerWorker.run(SuiteRunnerWorker.java:86)
	at org.testng.TestNG.runSuitesSequentially(TestNG.java:1264)
	at org.testng.TestNG.runSuitesLocally(TestNG.java:1189)
	at org.testng.TestNG.runSuites(TestNG.java:1104)
	at org.testng.TestNG.run(TestNG.java:1076)
	at org.testng.remote.AbstractRemoteTestNG.run(AbstractRemoteTestNG.java:126)
	at org.testng.remote.RemoteTestNG.initAndRun(RemoteTestNG.java:152)
	at org.testng.remote.RemoteTestNG.main(RemoteTestNG.java:57)
]]>
            </full-stacktrace>
          </exception> <!-- org.testng.TestNGException -->
          <reporter-output>
          </reporter-output>
        </test-method> <!-- test_01 -->
        <test-method status="PASS" signature="afterClass()[pri:0, instance:com.corndog.Automation_01@3e6fa38a]" name="afterClass" is-config="true" duration-ms="0" started-at="2016-08-22T19:39:27Z" finished-at="2016-08-22T19:39:27Z">
          <reporter-output>
          </reporter-output>
        </test-method> <!-- afterClass -->
        <test-method status="PASS" signature="baseAfterClass(org.testng.ITestContext)[pri:0, instance:com.corndog.Automation_01@3e6fa38a]" name="baseAfterClass" is-config="true" duration-ms="0" started-at="2016-08-22T19:39:27Z" finished-at="2016-08-22T19:39:27Z">
          <params>
            <param index="0">
              <value>
                <![CDATA[org.testng.TestRunner@1ba9117e]]>
              </value>
            </param>
          </params>
          <reporter-output>
          </reporter-output>
        </test-method> <!-- baseAfterClass -->
      </class> <!-- com.corndog.Automation_01 -->
      <class name="com.corndog.Automation_02">
        <test-method status="PASS" signature="baseBeforeClass(org.testng.ITestContext)[pri:0, instance:com.corndog.Automation_02@47c62251]" name="baseBeforeClass" is-config="true" duration-ms="16" started-at="2016-08-22T19:39:27Z" finished-at="2016-08-22T19:39:27Z">
          <params>
            <param index="0">
              <value>
                <![CDATA[org.testng.TestRunner@1ba9117e]]>
              </value>
            </param>
          </params>
          <reporter-output>
          </reporter-output>
        </test-method> <!-- baseBeforeClass -->
        <test-method status="PASS" signature="beforeClass()[pri:0, instance:com.corndog.Automation_02@47c62251]" name="beforeClass" is-config="true" duration-ms="0" started-at="2016-08-22T19:39:27Z" finished-at="2016-08-22T19:39:27Z">
          <reporter-output>
          </reporter-output>
        </test-method> <!-- beforeClass -->
        <test-method status="SKIP" signature="test_02(java.lang.String, java.lang.String, java.lang.String, java.lang.String)[pri:0, instance:com.corndog.Automation_02@47c62251]" name="test_02" duration-ms="0" started-at="2016-08-22T19:39:27Z" finished-at="2016-08-22T19:39:27Z">
          <exception class="org.testng.TestNGException">
            <message>
              <![CDATA[
Parameter 'Operating_System' is required by @Test on method test_02 but has not been marked @Optional or defined
in C:\Users\Administrator\AppData\Local\Temp\testng-eclipse-99998048\testng-customsuite.xml]]>
            </message>
            <full-stacktrace>
              <![CDATA[org.testng.TestNGException: 
Parameter 'Operating_System' is required by @Test on method test_02 but has not been marked @Optional or defined
in C:\Users\Administrator\AppData\Local\Temp\testng-eclipse-99998048\testng-customsuite.xml
	at org.testng.internal.Parameters.createParameters(Parameters.java:156)
	at org.testng.internal.Parameters.createParameters(Parameters.java:363)
	at org.testng.internal.Parameters.handleParameters(Parameters.java:488)
	at org.testng.internal.Invoker.handleParameters(Invoker.java:1240)
	at org.testng.internal.Invoker.createParameters(Invoker.java:980)
	at org.testng.internal.Invoker.invokeTestMethods(Invoker.java:1070)
	at org.testng.internal.TestMethodWorker.invokeTestMethods(TestMethodWorker.java:129)
	at org.testng.internal.TestMethodWorker.run(TestMethodWorker.java:112)
	at org.testng.TestRunner.privateRun(TestRunner.java:746)
	at org.testng.TestRunner.run(TestRunner.java:600)
	at org.testng.SuiteRunner.runTest(SuiteRunner.java:366)
	at org.testng.SuiteRunner.runSequentially(SuiteRunner.java:361)
	at org.testng.SuiteRunner.privateRun(SuiteRunner.java:319)
	at org.testng.SuiteRunner.run(SuiteRunner.java:268)
	at org.testng.SuiteRunnerWorker.runSuite(SuiteRunnerWorker.java:52)
	at org.testng.SuiteRunnerWorker.run(SuiteRunnerWorker.java:86)
	at org.testng.TestNG.runSuitesSequentially(TestNG.java:1264)
	at org.testng.TestNG.runSuitesLocally(TestNG.java:1189)
	at org.testng.TestNG.runSuites(TestNG.java:1104)
	at org.testng.TestNG.run(TestNG.java:1076)
	at org.testng.remote.AbstractRemoteTestNG.run(AbstractRemoteTestNG.java:126)
	at org.testng.remote.RemoteTestNG.initAndRun(RemoteTestNG.java:152)
	at org.testng.remote.RemoteTestNG.main(RemoteTestNG.java:57)
]]>
            </full-stacktrace>
          </exception> <!-- org.testng.TestNGException -->
          <reporter-output>
          </reporter-output>
        </test-method> <!-- test_02 -->
        <test-method status="PASS" signature="afterClass()[pri:0, instance:com.corndog.Automation_02@47c62251]" name="afterClass" is-config="true" duration-ms="0" started-at="2016-08-22T19:39:27Z" finished-at="2016-08-22T19:39:27Z">
          <reporter-output>
          </reporter-output>
        </test-method> <!-- afterClass -->
        <test-method status="PASS" signature="baseAfterClass(org.testng.ITestContext)[pri:0, instance:com.corndog.Automation_02@47c62251]" name="baseAfterClass" is-config="true" duration-ms="0" started-at="2016-08-22T19:39:27Z" finished-at="2016-08-22T19:39:27Z">
          <params>
            <param index="0">
              <value>
                <![CDATA[org.testng.TestRunner@1ba9117e]]>
              </value>
            </param>
          </params>
          <reporter-output>
          </reporter-output>
        </test-method> <!-- baseAfterClass -->
      </class> <!-- com.corndog.Automation_02 -->
      <class name="com.corndog.ParallelClassesTestTwo">
        <test-method status="PASS" signature="baseBeforeClass(org.testng.ITestContext)[pri:0, instance:com.corndog.ParallelClassesTestTwo@66a3ffec]" name="baseBeforeClass" is-config="true" duration-ms="14" started-at="2016-08-22T19:39:27Z" finished-at="2016-08-22T19:39:27Z">
          <params>
            <param index="0">
              <value>
                <![CDATA[org.testng.TestRunner@1ba9117e]]>
              </value>
            </param>
          </params>
          <reporter-output>
          </reporter-output>
        </test-method> <!-- baseBeforeClass -->
        <test-method status="PASS" signature="beforeClass()[pri:0, instance:com.corndog.ParallelClassesTestTwo@66a3ffec]" name="beforeClass" is-config="true" duration-ms="0" started-at="2016-08-22T19:39:27Z" finished-at="2016-08-22T19:39:27Z">
          <reporter-output>
          </reporter-output>
        </test-method> <!-- beforeClass -->
        <test-method status="PASS" signature="testMethodOne()[pri:0, instance:com.corndog.ParallelClassesTestTwo@66a3ffec]" name="testMethodOne" duration-ms="1" started-at="2016-08-22T19:39:27Z" finished-at="2016-08-22T19:39:27Z">
          <reporter-output>
          </reporter-output>
        </test-method> <!-- testMethodOne -->
        <test-method status="PASS" signature="baseBeforeMethod([Ljava.lang.Object;, org.testng.ITestContext, java.lang.reflect.Method)[pri:0, instance:com.corndog.ParallelClassesTestTwo@66a3ffec]" name="baseBeforeMethod" is-config="true" duration-ms="0" started-at="2016-08-22T19:39:27Z" finished-at="2016-08-22T19:39:27Z">
          <params>
            <param index="0">
              <value>
                <![CDATA[[Ljava.lang.Object;@29d89d5d]]>
              </value>
            </param>
            <param index="1">
              <value>
                <![CDATA[org.testng.TestRunner@1ba9117e]]>
              </value>
            </param>
            <param index="2">
              <value>
                <![CDATA[public void com.corndog.ParallelClassesTestTwo.testMethodOne()]]>
              </value>
            </param>
          </params>
          <reporter-output>
          </reporter-output>
        </test-method> <!-- baseBeforeMethod -->
        <test-method status="PASS" signature="baseAfterMethod(org.testng.ITestResult)[pri:0, instance:com.corndog.ParallelClassesTestTwo@66a3ffec]" name="baseAfterMethod" is-config="true" duration-ms="0" started-at="2016-08-22T19:39:27Z" finished-at="2016-08-22T19:39:27Z">
          <params>
            <param index="0">
              <value>
                <![CDATA[[TestResult name=testMethodOne status=SUCCESS method=ParallelClassesTestTwo.testMethodOne()[pri:0, instance:com.corndog.ParallelClassesTestTwo@66a3ffec] output={null}]]]>
              </value>
            </param>
          </params>
          <reporter-output>
          </reporter-output>
        </test-method> <!-- baseAfterMethod -->
        <test-method status="PASS" signature="baseBeforeMethod([Ljava.lang.Object;, org.testng.ITestContext, java.lang.reflect.Method)[pri:0, instance:com.corndog.ParallelClassesTestTwo@66a3ffec]" name="baseBeforeMethod" is-config="true" duration-ms="1" started-at="2016-08-22T19:39:27Z" finished-at="2016-08-22T19:39:27Z">
          <params>
            <param index="0">
              <value>
                <![CDATA[[Ljava.lang.Object;@3514a4c0]]>
              </value>
            </param>
            <param index="1">
              <value>
                <![CDATA[org.testng.TestRunner@1ba9117e]]>
              </value>
            </param>
            <param index="2">
              <value>
                <![CDATA[public void com.corndog.ParallelClassesTestTwo.testMethodTwo()]]>
              </value>
            </param>
          </params>
          <reporter-output>
          </reporter-output>
        </test-method> <!-- baseBeforeMethod -->
        <test-method status="PASS" signature="testMethodTwo()[pri:0, instance:com.corndog.ParallelClassesTestTwo@66a3ffec]" name="testMethodTwo" duration-ms="0" started-at="2016-08-22T19:39:27Z" finished-at="2016-08-22T19:39:27Z">
          <reporter-output>
          </reporter-output>
        </test-method> <!-- testMethodTwo -->
        <test-method status="PASS" signature="baseAfterMethod(org.testng.ITestResult)[pri:0, instance:com.corndog.ParallelClassesTestTwo@66a3ffec]" name="baseAfterMethod" is-config="true" duration-ms="1" started-at="2016-08-22T19:39:27Z" finished-at="2016-08-22T19:39:27Z">
          <params>
            <param index="0">
              <value>
                <![CDATA[[TestResult name=testMethodTwo status=SUCCESS method=ParallelClassesTestTwo.testMethodTwo()[pri:0, instance:com.corndog.ParallelClassesTestTwo@66a3ffec] output={null}]]]>
              </value>
            </param>
          </params>
          <reporter-output>
          </reporter-output>
        </test-method> <!-- baseAfterMethod -->
        <test-method status="PASS" signature="baseAfterClass(org.testng.ITestContext)[pri:0, instance:com.corndog.ParallelClassesTestTwo@66a3ffec]" name="baseAfterClass" is-config="true" duration-ms="0" started-at="2016-08-22T19:39:27Z" finished-at="2016-08-22T19:39:27Z">
          <params>
            <param index="0">
              <value>
                <![CDATA[org.testng.TestRunner@1ba9117e]]>
              </value>
            </param>
          </params>
          <reporter-output>
          </reporter-output>
        </test-method> <!-- baseAfterClass -->
        <test-method status="PASS" signature="afterClass()[pri:0, instance:com.corndog.ParallelClassesTestTwo@66a3ffec]" name="afterClass" is-config="true" duration-ms="0" started-at="2016-08-22T19:39:27Z" finished-at="2016-08-22T19:39:27Z">
          <reporter-output>
          </reporter-output>
        </test-method> <!-- afterClass -->
      </class> <!-- com.corndog.ParallelClassesTestTwo -->
    </test> <!-- Default test -->
  </suite> <!-- Default suite -->
</testng-results>
