<?xml version="1.0" encoding="UTF-8"?>
<!-- Generated by org.testng.reporters.JUnitXMLReporter -->
<testsuite hostname="ALMTraining" name="com.corndog" tests="6" failures="0" timestamp="22 Aug 2016 23:14:55 GMT" time="31.163" errors="0">
  <testcase name="parallelMethod" time="6.705" classname="com.corndog.LeanFtTest"/>
  <testcase name="testMethodsFive" time="3.402" classname="com.corndog.LeanFtTest"/>
  <testcase name="testMethodsFour" time="5.005" classname="com.corndog.LeanFtTest"/>
  <testcase name="testMethodsOne" time="1.302" classname="com.corndog.LeanFtTest"/>
  <testcase name="testMethodsThree" time="5.604" classname="com.corndog.LeanFtTest"/>
  <testcase name="testMethodsTwo" time="9.001" classname="com.corndog.LeanFtTest"/>
</testsuite> <!-- com.corndog -->
